<?xml version="1.0" encoding="UTF-8"?>
<!-- Generated by org.testng.reporters.JUnitXMLReporter -->
<testsuite ignored="0" hostname="DESKTOP-3J4O44A" failures="0" tests="7" name="Test" time="13.148" errors="0" timestamp="2021-06-03T15:02:34 EDT">
  <testcase classname="testing.Testcases" name="allCharValidTest" time="7.279"/>
  <testcase classname="testing.Testcases" name="allCharInvalidTest" time="0.768"/>
  <testcase classname="testing.Testcases" name="specificCharValidTest" time="0.82"/>
  <testcase classname="testing.Testcases" name="specificCharInvalidTest" time="0.811"/>
  <testcase classname="testing.Testcases" name="searchPlanetsValidTest" time="0.785"/>
  <testcase classname="testing.Testcases" name="searchPlanetsInvalidTest" time="0.783"/>
  <testcase classname="testing.Testcases" name="BlankSearch" time="1.739"/>
</testsuite> <!-- Test -->
