<?xml version="1.0" encoding="UTF-8"?>
<testng-results ignored="0" total="7" passed="7" failed="0" skipped="0">
  <reporter-output>
  </reporter-output>
  <suite started-at="2021-06-03T15:02:21 EDT" name="Suite" finished-at="2021-06-03T15:02:34 EDT" duration-ms="13148">
    <groups>
    </groups>
    <test started-at="2021-06-03T15:02:21 EDT" name="Test" finished-at="2021-06-03T15:02:34 EDT" duration-ms="13148">
      <class name="testing.Testcases">
        <test-method signature="allCharValidTest()[pri:1, instance:testing.Testcases@661972b0]" started-at="2021-06-03T15:02:21 EDT" name="allCharValidTest" finished-at="2021-06-03T15:02:28 EDT" duration-ms="7279" status="PASS">
          <reporter-output>
          </reporter-output>
        </test-method> <!-- allCharValidTest -->
        <test-method signature="allCharInvalidTest()[pri:2, instance:testing.Testcases@661972b0]" started-at="2021-06-03T15:02:28 EDT" name="allCharInvalidTest" finished-at="2021-06-03T15:02:29 EDT" duration-ms="768" status="PASS">
          <reporter-output>
          </reporter-output>
        </test-method> <!-- allCharInvalidTest -->
        <test-method signature="specificCharValidTest()[pri:3, instance:testing.Testcases@661972b0]" started-at="2021-06-03T15:02:29 EDT" name="specificCharValidTest" finished-at="2021-06-03T15:02:30 EDT" duration-ms="820" status="PASS">
          <reporter-output>
          </reporter-output>
        </test-method> <!-- specificCharValidTest -->
        <test-method signature="specificCharInvalidTest()[pri:4, instance:testing.Testcases@661972b0]" started-at="2021-06-03T15:02:30 EDT" name="specificCharInvalidTest" finished-at="2021-06-03T15:02:31 EDT" duration-ms="811" status="PASS">
          <reporter-output>
          </reporter-output>
        </test-method> <!-- specificCharInvalidTest -->
        <test-method signature="searchPlanetsValidTest()[pri:5, instance:testing.Testcases@661972b0]" started-at="2021-06-03T15:02:31 EDT" name="searchPlanetsValidTest" finished-at="2021-06-03T15:02:32 EDT" duration-ms="785" status="PASS">
          <reporter-output>
          </reporter-output>
        </test-method> <!-- searchPlanetsValidTest -->
        <test-method signature="searchPlanetsInvalidTest()[pri:6, instance:testing.Testcases@661972b0]" started-at="2021-06-03T15:02:32 EDT" name="searchPlanetsInvalidTest" finished-at="2021-06-03T15:02:32 EDT" duration-ms="783" status="PASS">
          <reporter-output>
          </reporter-output>
        </test-method> <!-- searchPlanetsInvalidTest -->
        <test-method signature="BlankSearch()[pri:7, instance:testing.Testcases@661972b0]" started-at="2021-06-03T15:02:32 EDT" name="BlankSearch" finished-at="2021-06-03T15:02:34 EDT" duration-ms="1739" status="PASS">
          <reporter-output>
          </reporter-output>
        </test-method> <!-- BlankSearch -->
      </class> <!-- testing.Testcases -->
    </test> <!-- Test -->
  </suite> <!-- Suite -->
</testng-results>
